#
# A fatal error has been detected by the Java Runtime Environment:
#
#  EXCEPTION_ACCESS_VIOLATION (0xc0000005) at pc=0x00007fffef8bb2e7, pid=18532, tid=18448
#
# JRE version: Java(TM) SE Runtime Environment (20.0.1+9) (build 20.0.1+9-29)
# Java VM: Java HotSpot(TM) 64-Bit Server VM (20.0.1+9-29, mixed mode, sharing, tiered, compressed oops, compressed class ptrs, g1 gc, windows-amd64)
# Problematic frame:
# V  [jvm.dll+0x32b2e7]
#
# No core dump will be written. Minidumps are not enabled by default on client versions of Windows
#
# If you would like to submit a bug report, please visit:
#   https://bugreport.java.com/bugreport/crash.jsp
#

---------------  S U M M A R Y ------------

Command Line: -javaagent:C:\Program Files\JetBrains\IntelliJ IDEA Community Edition 2023.2\lib\idea_rt.jar=49629:C:\Program Files\JetBrains\IntelliJ IDEA Community Edition 2023.2\bin -Dfile.encoding=UTF-8 -Dsun.stdout.encoding=UTF-8 -Dsun.stderr.encoding=UTF-8 med.voll.api.ApiApplication

Host: Intel(R) Core(TM) i5-8400 CPU @ 2.80GHz, 6 cores, 15G,  Windows 10 , 64 bit Build 19041 (10.0.19041.3393)
Time: Thu Sep 21 13:48:47 2023 Hora estándar central (México) elapsed time: 2.063260 seconds (0d 0h 0m 2s)

---------------  T H R E A D  ---------------

Current thread (0x00000249573a96a0):  WorkerThread "GC Thread#0" [stack: 0x0000009307800000,0x0000009307900000] [id=18448]

Stack: [0x0000009307800000,0x0000009307900000],  sp=0x00000093078ffb68,  free space=1022k
Native frames: (J=compiled Java code, j=interpreted, Vv=VM code, C=native code)
V  [jvm.dll+0x32b2e7]


siginfo: EXCEPTION_ACCESS_VIOLATION (0xc0000005), reading address 0x00000ac958aa2024


Registers:
RAX=0x00000249573a166e, RBX=0x0000009307dfed78, RCX=0x0000000000000015, RDX=0x880017009b6b47a4
RSP=0x00000093078ffb68, RBP=0x0000000000000000, RSI=0x000002497a84cbb8, RDI=0x000000070146ca00
R8 =0x0000044000b804db, R9 =0x0000000701498818, R10=0x000002495734e690, R11=0x000000510942d110
R12=0x0000009307dfed88, R13=0x000002497a84cb80, R14=0x0000000000000002, R15=0x0000000000000140
RIP=0x00007fffef8bb2e7, EFLAGS=0x0000000000010a06


Register to memory mapping:

RIP=0x00007fffef8bb2e7 jvm.dll
RAX=0x00000249573a166e points into unknown readable memory: 00 00
RBX=0x0000009307dfed78 points into unknown readable memory: 0x00007fffeff0e3b8 | b8 e3 f0 ef ff 7f 00 00
RCX=0x0000000000000015 is an unknown value
RDX=0x880017009b6b47a4 is an unknown value
RSP=0x00000093078ffb68 points into unknown readable memory: 0x00007fffef8c1cee | ee 1c 8c ef ff 7f 00 00
RBP=0x0 is NULL
RSI=0x000002497a84cbb8 points into unknown readable memory: 0x880017009b6b47a4 | a4 47 6b 9b 00 17 00 88
RDI=0x000000070146ca00 is an oop: [B 
{0x000000070146ca00} - klass: {type array byte}
 - length: 22
R8 =0x0000044000b804db is an unknown value
R9 =0x0000000701498818 is an oop: java.lang.String 
{0x0000000701498818} - klass: 'java/lang/String'
 - string: "jdk.javadoc.internal.doclint"
 - ---- fields (total size 3 words):
 - private 'hash' 'I' @12  933333759 (0x37a18aff)
 - private final 'coder' 'B' @16  0 (0x00)
 - private 'hashIsZero' 'Z' @17  false (0x00)
 - abstract internal 'flags' 'B' @18  0 (0x00)
 - private final synchronized 'value' '[B' @20  [B{0x0000000701498830} (0xe0293106)
R10=0x000002495734e690 points into unknown readable memory: 0x00007fffeff0e3e8 | e8 e3 f0 ef ff 7f 00 00
R11=0x000000510942d110 is an unknown value
R12=0x0000009307dfed88 points into unknown readable memory: 0x00007fffeff185e0 | e0 85 f1 ef ff 7f 00 00
R13=0x000002497a84cb80 points into unknown readable memory: 0x0000000000000000 | 00 00 00 00 00 00 00 00
R14=0x0000000000000002 is an unknown value
R15=0x0000000000000140 is an unknown value


Top of Stack: (sp=0x00000093078ffb68)
0x00000093078ffb68:   00007fffef8c1cee 0000000000000007
0x00000093078ffb78:   0000000000000000 0000009307dfee28
0x00000093078ffb88:   40007330aef474b2 0000000000000000
0x00000093078ffb98:   0000000000000002 0000000400000008
0x00000093078ffba8:   0000000000000019 00000000000000e0
0x00000093078ffbb8:   0000009307dfed78 0000009307dfef18
0x00000093078ffbc8:   0000009307dfee28 0000000000000000
0x00000093078ffbd8:   00007ff8417330ce 000002495734c110
0x00000093078ffbe8:   00007fffefd8fc6e 000000d0f710cbda
0x00000093078ffbf8:   000002497ae94790 0000000400000008
0x00000093078ffc08:   000000000139cc05 0000000156b846ef
0x00000093078ffc18:   0000000000000014 000000000000001e
0x00000093078ffc28:   0000000000000000 000014a5a0c23dc7
0x00000093078ffc38:   0000000000000000 0000000000000068
0x00000093078ffc48:   00000249573cdc38 0000000000000000
0x00000093078ffc58:   0000000000000038 0000024976376780
0x00000093078ffc68:   0000000000000004 00000249573a96a0
0x00000093078ffc78:   00007fffefe059c7 0000024957357368
0x00000093078ffc88:   0000000000000004 0000024957357368
0x00000093078ffc98:   0000000000000184 0000000000000000
0x00000093078ffca8:   00000249573a96a0 0000000000000000
0x00000093078ffcb8:   0000000000100000 0000000000000000
0x00000093078ffcc8:   00007fffefd84b56 00000249573a96a0
0x00000093078ffcd8:   0000000000020000 0000000000000000
0x00000093078ffce8:   0000000000000000 0000000000000004
0x00000093078ffcf8:   0000000000001000 0000000400001000
0x00000093078ffd08:   0000000000020000 0000000000000000
0x00000093078ffd18:   00007fffefd852da 00000249573a96a0
0x00000093078ffd28:   0000000000000000 00002a29e1d5074c
0x00000093078ffd38:   0000000000000000 0000000000000000
0x00000093078ffd48:   00007fffefc4a5cb 00000249573a96a0
0x00000093078ffd58:   00000249573a96a0 00000000000075a3 

Instructions: (pc=0x00007fffef8bb2e7)
0x00007fffef8bb1e7:   cc cc cc cc cc cc cc cc cc 4c 8b d2 4c 8b d9 48
0x00007fffef8bb1f7:   85 d2 74 7c 4c 8b 49 08 4c 8b c2 41 8b 89 48 02
0x00007fffef8bb207:   00 00 49 8b 81 40 02 00 00 48 d3 e0 8b 0d 67 5f
0x00007fffef8bb217:   88 00 4c 2b c0 49 8b 81 28 02 00 00 49 d3 e8 41
0x00007fffef8bb227:   8b c8 48 8b 14 c8 48 8b 42 60 4c 3b d0 73 41 8b
0x00007fffef8bb237:   42 3c 83 f8 29 74 39 49 8b 43 08 48 8b 90 30 05
0x00007fffef8bb247:   00 00 4c 2b 52 18 8b 4a 28 48 8b 52 30 49 c1 ea
0x00007fffef8bb257:   03 49 d3 ea 41 0f b6 c2 4d 8b c2 24 3f 49 c1 e8
0x00007fffef8bb267:   06 0f b6 c8 4a 8b 04 c2 48 0f a3 c8 0f 92 c0 c3
0x00007fffef8bb277:   b0 01 c3 cc cc cc cc cc cc 4c 8b c2 48 85 d2 75
0x00007fffef8bb287:   03 32 c0 c3 48 8b 51 08 8b 8a 48 02 00 00 48 8b
0x00007fffef8bb297:   82 40 02 00 00 48 d3 e0 8b 0d db 5e 88 00 4c 2b
0x00007fffef8bb2a7:   c0 48 8b 82 28 02 00 00 49 d3 e8 41 8b c8 48 8b
0x00007fffef8bb2b7:   0c c8 8b 41 3c a8 34 0f 95 c0 c3 cc cc cc cc cc
0x00007fffef8bb2c7:   cc cc cc cc cc cc cc cc cc 48 8b 41 08 4c 8b c2
0x00007fffef8bb2d7:   8b 88 d0 05 00 00 48 8b 80 c0 05 00 00 49 d3 e8
0x00007fffef8bb2e7:   42 0f b7 0c 40 66 c1 e9 08 84 c9 78 0c 48 8b 02
0x00007fffef8bb2f7:   24 03 3c 03 74 03 32 c0 c3 b0 01 c3 cc cc cc cc
0x00007fffef8bb307:   cc cc cc cc cc cc cc cc cc 4c 8b 49 08 4c 8b c2
0x00007fffef8bb317:   41 8b 89 d0 05 00 00 49 8b 81 c0 05 00 00 49 d3
0x00007fffef8bb327:   e8 42 0f b7 0c 40 66 c1 e9 08 84 c9 79 35 41 8b
0x00007fffef8bb337:   89 48 02 00 00 49 8b 81 40 02 00 00 48 d3 e0 8b
0x00007fffef8bb347:   0d 34 5e 88 00 48 2b d0 49 8b 81 28 02 00 00 48
0x00007fffef8bb357:   d3 ea 8b ca 48 8b 0c c8 8b 41 3c 83 f8 03 74 03
0x00007fffef8bb367:   32 c0 c3 b0 01 c3 cc cc cc 4c 8b 02 4c 8b c9 4d
0x00007fffef8bb377:   85 c0 74 37 48 8b 51 08 8b 8a 48 02 00 00 48 8b
0x00007fffef8bb387:   82 40 02 00 00 48 d3 e0 8b 0d eb 5d 88 00 4c 2b
0x00007fffef8bb397:   c0 49 d3 e8 48 8b 8a 28 02 00 00 49 8b 51 10 41
0x00007fffef8bb3a7:   8b c0 48 8b 0c c1 e9 ae 6a 08 00 c3 cc cc cc cc
0x00007fffef8bb3b7:   cc cc cc cc cc cc cc cc cc 48 83 ec 28 ba 03 0d
0x00007fffef8bb3c7:   00 00 48 8d 0d 00 35 65 00 e8 ab 55 f5 ff 48 83
0x00007fffef8bb3d7:   c4 28 e9 32 ff 38 00 cc cc 4c 8b 02 4c 8b c9 4d 


Stack slot to memory mapping:
stack at sp + 0 slots: 0x00007fffef8c1cee jvm.dll
stack at sp + 1 slots: 0x0000000000000007 is an unknown value
stack at sp + 2 slots: 0x0 is NULL
stack at sp + 3 slots: 0x0000009307dfee28 points into unknown readable memory: 0x000002497ae94790 | 90 47 e9 7a 49 02 00 00
stack at sp + 4 slots: 0x40007330aef474b2 is an unknown value
stack at sp + 5 slots: 0x0 is NULL
stack at sp + 6 slots: 0x0000000000000002 is an unknown value
stack at sp + 7 slots: 0x0000000400000008 is an unknown value


---------------  P R O C E S S  ---------------

Threads class SMR info:
_java_thread_list=0x000002497c89c660, length=15, elements={
0x00000249573382d0, 0x00000249764e3750, 0x00000249764e52a0, 0x00000249764e94a0,
0x00000249764e9de0, 0x00000249764ea720, 0x00000249764eb060, 0x00000249764edce0,
0x00000249764ee660, 0x000002497a8e2910, 0x000002497a9b6fd0, 0x000002497a9b7520,
0x000002497ae88470, 0x000002497b3fe880, 0x000002497b4230e0
}

Java Threads: ( => current thread )
  0x00000249573382d0 JavaThread "main" [_thread_blocked, id=16052, stack(0x0000009307600000,0x0000009307700000)]
  0x00000249764e3750 JavaThread "Reference Handler" daemon [_thread_blocked, id=9068, stack(0x0000009307e00000,0x0000009307f00000)]
  0x00000249764e52a0 JavaThread "Finalizer" daemon [_thread_blocked, id=8916, stack(0x0000009307f00000,0x0000009308000000)]
  0x00000249764e94a0 JavaThread "Signal Dispatcher" daemon [_thread_blocked, id=8892, stack(0x0000009308000000,0x0000009308100000)]
  0x00000249764e9de0 JavaThread "Attach Listener" daemon [_thread_blocked, id=15252, stack(0x0000009308100000,0x0000009308200000)]
  0x00000249764ea720 JavaThread "Service Thread" daemon [_thread_blocked, id=15916, stack(0x0000009308200000,0x0000009308300000)]
  0x00000249764eb060 JavaThread "Monitor Deflation Thread" daemon [_thread_blocked, id=7988, stack(0x0000009308300000,0x0000009308400000)]
  0x00000249764edce0 JavaThread "C2 CompilerThread0" daemon [_thread_blocked, id=11728, stack(0x0000009308400000,0x0000009308500000)]
  0x00000249764ee660 JavaThread "C1 CompilerThread0" daemon [_thread_blocked, id=20336, stack(0x0000009308500000,0x0000009308600000)]
  0x000002497a8e2910 JavaThread "Common-Cleaner" daemon [_thread_blocked, id=4332, stack(0x0000009308600000,0x0000009308700000)]
  0x000002497a9b6fd0 JavaThread "Monitor Ctrl-Break" daemon [_thread_in_native, id=19468, stack(0x0000009308700000,0x0000009308800000)]
  0x000002497a9b7520 JavaThread "Notification Thread" daemon [_thread_blocked, id=9040, stack(0x0000009308800000,0x0000009308900000)]
  0x000002497ae88470 JavaThread "C2 CompilerThread1" daemon [_thread_blocked, id=16180, stack(0x0000009308a00000,0x0000009308b00000)]
  0x000002497b3fe880 JavaThread "Thread-0" [_thread_blocked, id=14520, stack(0x0000009309000000,0x0000009309100000)]
  0x000002497b4230e0 JavaThread "restartedMain" [_thread_blocked, id=12188, stack(0x0000009309100000,0x0000009309200000)]

Other Threads:
  0x00000249764c4a30 VMThread "VM Thread" [stack: 0x0000009307d00000,0x0000009307e00000] [id=2640]
  0x00000249573391c0 WatcherThread "VM Periodic Task Thread" [stack: 0x0000009308900000,0x0000009308a00000] [id=7128]
=>0x00000249573a96a0 WorkerThread "GC Thread#0" [stack: 0x0000009307800000,0x0000009307900000] [id=18448]
  0x000002497afac510 WorkerThread "GC Thread#1" [stack: 0x0000009308b00000,0x0000009308c00000] [id=11384]
  0x000002497af898d0 WorkerThread "GC Thread#2" [stack: 0x0000009308c00000,0x0000009308d00000] [id=3068]
  0x000002497af89ba0 WorkerThread "GC Thread#3" [stack: 0x0000009308d00000,0x0000009308e00000] [id=17872]
  0x000002497af89e70 WorkerThread "GC Thread#4" [stack: 0x0000009308e00000,0x0000009308f00000] [id=10868]
  0x000002497b3f49d0 WorkerThread "GC Thread#5" [stack: 0x0000009308f00000,0x0000009309000000] [id=19612]
  0x00000249573bb3a0 ConcurrentGCThread "G1 Main Marker" [stack: 0x0000009307900000,0x0000009307a00000] [id=736]
  0x00000249573bbce0 WorkerThread "G1 Conc#0" [stack: 0x0000009307a00000,0x0000009307b00000] [id=13596]
  0x00000249763754f0 ConcurrentGCThread "G1 Refine#0" [stack: 0x0000009307b00000,0x0000009307c00000] [id=11016]
  0x0000024976375da0 ConcurrentGCThread "G1 Service" [stack: 0x0000009307c00000,0x0000009307d00000] [id=17624]

Threads with active compile tasks:
C2 CompilerThread0     2106 2894       4       java.util.ArrayList::iterator (9 bytes)
C1 CompilerThread0     2106 2893       3       org.springframework.beans.factory.support.AbstractAutowireCapableBeanFactory::determineTargetType (83 bytes)

VM state: at safepoint (normal execution)

VM Mutex/Monitor currently owned by a thread:  ([mutex/lock_event])
[0x0000024957334940] Threads_lock - owner thread: 0x00000249764c4a30
[0x00000249573332c0] Heap_lock - owner thread: 0x00000249764ee660

Heap address: 0x0000000701200000, size: 4078 MB, Compressed Oops mode: Zero based, Oop shift amount: 3

CDS archive(s) mapped at: [0x0000000800000000-0x0000000800c60000-0x0000000800c60000), size 12976128, SharedBaseAddress: 0x0000000800000000, ArchiveRelocationMode: 0.
Compressed class space mapped at: 0x0000000801000000-0x0000000841000000, reserved size: 1073741824
Narrow klass base: 0x0000000800000000, Narrow klass shift: 0, Narrow klass range: 0x100000000

GC Precious Log:
 CardTable entry size: 512
 Card Set container configuration: InlinePtr #cards 4 size 8 Array Of Cards #cards 16 size 48 Howl #buckets 8 coarsen threshold 3686 Howl Bitmap #cards 512 size 80 coarsen threshold 460 Card regions per heap region 1 cards per card region 4096
 CPUs: 6 total, 6 available
 Memory: 16308M
 Large Page Support: Disabled
 NUMA Support: Disabled
 Compressed Oops: Enabled (Zero based)
 Heap Region Size: 2M
 Heap Min Capacity: 8M
 Heap Initial Capacity: 256M
 Heap Max Capacity: 4078M
 Pre-touch: Disabled
 Parallel Workers: 6
 Concurrent Workers: 2
 Concurrent Refinement Workers: 6
 Periodic GC: Disabled

Heap:
 garbage-first heap   total 262144K, used 64700K [0x0000000701200000, 0x0000000800000000)
  region size 2048K, 32 young (65536K), 4 survivors (8192K)
 Metaspace       used 21219K, committed 21504K, reserved 1114112K
  class space    used 2639K, committed 2816K, reserved 1048576K

Heap Regions: E=young(eden), S=young(survivor), O=old, HS=humongous(starts), HC=humongous(continues), CS=collection set, F=free, OA=open archive, CA=closed archive, TAMS=top-at-mark-start, PB=parsable bottom
|   0|0x0000000701200000, 0x0000000701400000, 0x0000000701400000|100%| O|  |TAMS 0x0000000701400000| PB 0x0000000701200000| Untracked 
|   1|0x0000000701400000, 0x0000000701600000, 0x0000000701600000|100%| O|  |TAMS 0x0000000701600000| PB 0x0000000701400000| Untracked 
|   2|0x0000000701600000, 0x0000000701800000, 0x0000000701800000|100%| O|  |TAMS 0x0000000701800000| PB 0x0000000701600000| Untracked 
|   3|0x0000000701800000, 0x000000070184a200, 0x0000000701a00000| 14%| O|  |TAMS 0x000000070184a200| PB 0x0000000701800000| Untracked 
|   4|0x0000000701a00000, 0x0000000701a00000, 0x0000000701c00000|  0%| F|  |TAMS 0x0000000701a00000| PB 0x0000000701a00000| Untracked 
|   5|0x0000000701c00000, 0x0000000701c00000, 0x0000000701e00000|  0%| F|  |TAMS 0x0000000701c00000| PB 0x0000000701c00000| Untracked 
|   6|0x0000000701e00000, 0x0000000701e00000, 0x0000000702000000|  0%| F|  |TAMS 0x0000000701e00000| PB 0x0000000701e00000| Untracked 
|   7|0x0000000702000000, 0x0000000702000000, 0x0000000702200000|  0%| F|  |TAMS 0x0000000702000000| PB 0x0000000702000000| Untracked 
|   8|0x0000000702200000, 0x0000000702200000, 0x0000000702400000|  0%| F|  |TAMS 0x0000000702200000| PB 0x0000000702200000| Untracked 
|   9|0x0000000702400000, 0x0000000702400000, 0x0000000702600000|  0%| F|  |TAMS 0x0000000702400000| PB 0x0000000702400000| Untracked 
|  10|0x0000000702600000, 0x0000000702600000, 0x0000000702800000|  0%| F|  |TAMS 0x0000000702600000| PB 0x0000000702600000| Untracked 
|  11|0x0000000702800000, 0x0000000702800000, 0x0000000702a00000|  0%| F|  |TAMS 0x0000000702800000| PB 0x0000000702800000| Untracked 
|  12|0x0000000702a00000, 0x0000000702a00000, 0x0000000702c00000|  0%| F|  |TAMS 0x0000000702a00000| PB 0x0000000702a00000| Untracked 
|  13|0x0000000702c00000, 0x0000000702c00000, 0x0000000702e00000|  0%| F|  |TAMS 0x0000000702c00000| PB 0x0000000702c00000| Untracked 
|  14|0x0000000702e00000, 0x0000000702e00000, 0x0000000703000000|  0%| F|  |TAMS 0x0000000702e00000| PB 0x0000000702e00000| Untracked 
|  15|0x0000000703000000, 0x0000000703000000, 0x0000000703200000|  0%| F|  |TAMS 0x0000000703000000| PB 0x0000000703000000| Untracked 
|  16|0x0000000703200000, 0x0000000703200000, 0x0000000703400000|  0%| F|  |TAMS 0x0000000703200000| PB 0x0000000703200000| Untracked 
|  17|0x0000000703400000, 0x0000000703400000, 0x0000000703600000|  0%| F|  |TAMS 0x0000000703400000| PB 0x0000000703400000| Untracked 
|  18|0x0000000703600000, 0x0000000703600000, 0x0000000703800000|  0%| F|  |TAMS 0x0000000703600000| PB 0x0000000703600000| Untracked 
|  19|0x0000000703800000, 0x0000000703800000, 0x0000000703a00000|  0%| F|  |TAMS 0x0000000703800000| PB 0x0000000703800000| Untracked 
|  20|0x0000000703a00000, 0x0000000703a00000, 0x0000000703c00000|  0%| F|  |TAMS 0x0000000703a00000| PB 0x0000000703a00000| Untracked 
|  21|0x0000000703c00000, 0x0000000703c00000, 0x0000000703e00000|  0%| F|  |TAMS 0x0000000703c00000| PB 0x0000000703c00000| Untracked 
|  22|0x0000000703e00000, 0x0000000703e00000, 0x0000000704000000|  0%| F|  |TAMS 0x0000000703e00000| PB 0x0000000703e00000| Untracked 
|  23|0x0000000704000000, 0x0000000704000000, 0x0000000704200000|  0%| F|  |TAMS 0x0000000704000000| PB 0x0000000704000000| Untracked 
|  24|0x0000000704200000, 0x0000000704200000, 0x0000000704400000|  0%| F|  |TAMS 0x0000000704200000| PB 0x0000000704200000| Untracked 
|  25|0x0000000704400000, 0x0000000704400000, 0x0000000704600000|  0%| F|  |TAMS 0x0000000704400000| PB 0x0000000704400000| Untracked 
|  26|0x0000000704600000, 0x0000000704600000, 0x0000000704800000|  0%| F|  |TAMS 0x0000000704600000| PB 0x0000000704600000| Untracked 
|  27|0x0000000704800000, 0x0000000704800000, 0x0000000704a00000|  0%| F|  |TAMS 0x0000000704800000| PB 0x0000000704800000| Untracked 
|  28|0x0000000704a00000, 0x0000000704a00000, 0x0000000704c00000|  0%| F|  |TAMS 0x0000000704a00000| PB 0x0000000704a00000| Untracked 
|  29|0x0000000704c00000, 0x0000000704c00000, 0x0000000704e00000|  0%| F|  |TAMS 0x0000000704c00000| PB 0x0000000704c00000| Untracked 
|  30|0x0000000704e00000, 0x0000000704e00000, 0x0000000705000000|  0%| F|  |TAMS 0x0000000704e00000| PB 0x0000000704e00000| Untracked 
|  31|0x0000000705000000, 0x0000000705000000, 0x0000000705200000|  0%| F|  |TAMS 0x0000000705000000| PB 0x0000000705000000| Untracked 
|  32|0x0000000705200000, 0x0000000705200000, 0x0000000705400000|  0%| F|  |TAMS 0x0000000705200000| PB 0x0000000705200000| Untracked 
|  33|0x0000000705400000, 0x0000000705400000, 0x0000000705600000|  0%| F|  |TAMS 0x0000000705400000| PB 0x0000000705400000| Untracked 
|  34|0x0000000705600000, 0x0000000705600000, 0x0000000705800000|  0%| F|  |TAMS 0x0000000705600000| PB 0x0000000705600000| Untracked 
|  35|0x0000000705800000, 0x0000000705800000, 0x0000000705a00000|  0%| F|  |TAMS 0x0000000705800000| PB 0x0000000705800000| Untracked 
|  36|0x0000000705a00000, 0x0000000705a00000, 0x0000000705c00000|  0%| F|  |TAMS 0x0000000705a00000| PB 0x0000000705a00000| Untracked 
|  37|0x0000000705c00000, 0x0000000705c00000, 0x0000000705e00000|  0%| F|  |TAMS 0x0000000705c00000| PB 0x0000000705c00000| Untracked 
|  38|0x0000000705e00000, 0x0000000705e00000, 0x0000000706000000|  0%| F|  |TAMS 0x0000000705e00000| PB 0x0000000705e00000| Untracked 
|  39|0x0000000706000000, 0x0000000706000000, 0x0000000706200000|  0%| F|  |TAMS 0x0000000706000000| PB 0x0000000706000000| Untracked 
|  40|0x0000000706200000, 0x0000000706200000, 0x0000000706400000|  0%| F|  |TAMS 0x0000000706200000| PB 0x0000000706200000| Untracked 
|  41|0x0000000706400000, 0x0000000706400000, 0x0000000706600000|  0%| F|  |TAMS 0x0000000706400000| PB 0x0000000706400000| Untracked 
|  42|0x0000000706600000, 0x0000000706600000, 0x0000000706800000|  0%| F|  |TAMS 0x0000000706600000| PB 0x0000000706600000| Untracked 
|  43|0x0000000706800000, 0x0000000706800000, 0x0000000706a00000|  0%| F|  |TAMS 0x0000000706800000| PB 0x0000000706800000| Untracked 
|  44|0x0000000706a00000, 0x0000000706a00000, 0x0000000706c00000|  0%| F|  |TAMS 0x0000000706a00000| PB 0x0000000706a00000| Untracked 
|  45|0x0000000706c00000, 0x0000000706c00000, 0x0000000706e00000|  0%| F|  |TAMS 0x0000000706c00000| PB 0x0000000706c00000| Untracked 
|  46|0x0000000706e00000, 0x0000000706e00000, 0x0000000707000000|  0%| F|  |TAMS 0x0000000706e00000| PB 0x0000000706e00000| Untracked 
|  47|0x0000000707000000, 0x0000000707000000, 0x0000000707200000|  0%| F|  |TAMS 0x0000000707000000| PB 0x0000000707000000| Untracked 
|  48|0x0000000707200000, 0x0000000707200000, 0x0000000707400000|  0%| F|  |TAMS 0x0000000707200000| PB 0x0000000707200000| Untracked 
|  49|0x0000000707400000, 0x0000000707400000, 0x0000000707600000|  0%| F|  |TAMS 0x0000000707400000| PB 0x0000000707400000| Untracked 
|  50|0x0000000707600000, 0x0000000707600000, 0x0000000707800000|  0%| F|  |TAMS 0x0000000707600000| PB 0x0000000707600000| Untracked 
|  51|0x0000000707800000, 0x0000000707800000, 0x0000000707a00000|  0%| F|  |TAMS 0x0000000707800000| PB 0x0000000707800000| Untracked 
|  52|0x0000000707a00000, 0x0000000707a00000, 0x0000000707c00000|  0%| F|  |TAMS 0x0000000707a00000| PB 0x0000000707a00000| Untracked 
|  53|0x0000000707c00000, 0x0000000707c00000, 0x0000000707e00000|  0%| F|  |TAMS 0x0000000707c00000| PB 0x0000000707c00000| Untracked 
|  54|0x0000000707e00000, 0x0000000707e00000, 0x0000000708000000|  0%| F|  |TAMS 0x0000000707e00000| PB 0x0000000707e00000| Untracked 
|  55|0x0000000708000000, 0x0000000708000000, 0x0000000708200000|  0%| F|  |TAMS 0x0000000708000000| PB 0x0000000708000000| Untracked 
|  56|0x0000000708200000, 0x0000000708200000, 0x0000000708400000|  0%| F|  |TAMS 0x0000000708200000| PB 0x0000000708200000| Untracked 
|  57|0x0000000708400000, 0x0000000708400000, 0x0000000708600000|  0%| F|  |TAMS 0x0000000708400000| PB 0x0000000708400000| Untracked 
|  58|0x0000000708600000, 0x0000000708600000, 0x0000000708800000|  0%| F|  |TAMS 0x0000000708600000| PB 0x0000000708600000| Untracked 
|  59|0x0000000708800000, 0x0000000708800000, 0x0000000708a00000|  0%| F|  |TAMS 0x0000000708800000| PB 0x0000000708800000| Untracked 
|  60|0x0000000708a00000, 0x0000000708a00000, 0x0000000708c00000|  0%| F|  |TAMS 0x0000000708a00000| PB 0x0000000708a00000| Untracked 
|  61|0x0000000708c00000, 0x0000000708c00000, 0x0000000708e00000|  0%| F|  |TAMS 0x0000000708c00000| PB 0x0000000708c00000| Untracked 
|  62|0x0000000708e00000, 0x0000000708e00000, 0x0000000709000000|  0%| F|  |TAMS 0x0000000708e00000| PB 0x0000000708e00000| Untracked 
|  63|0x0000000709000000, 0x0000000709000000, 0x0000000709200000|  0%| F|  |TAMS 0x0000000709000000| PB 0x0000000709000000| Untracked 
|  64|0x0000000709200000, 0x0000000709200000, 0x0000000709400000|  0%| F|  |TAMS 0x0000000709200000| PB 0x0000000709200000| Untracked 
|  65|0x0000000709400000, 0x0000000709400000, 0x0000000709600000|  0%| F|  |TAMS 0x0000000709400000| PB 0x0000000709400000| Untracked 
|  66|0x0000000709600000, 0x0000000709600000, 0x0000000709800000|  0%| F|  |TAMS 0x0000000709600000| PB 0x0000000709600000| Untracked 
|  67|0x0000000709800000, 0x0000000709800000, 0x0000000709a00000|  0%| F|  |TAMS 0x0000000709800000| PB 0x0000000709800000| Untracked 
|  68|0x0000000709a00000, 0x0000000709a00000, 0x0000000709c00000|  0%| F|  |TAMS 0x0000000709a00000| PB 0x0000000709a00000| Untracked 
|  69|0x0000000709c00000, 0x0000000709c00000, 0x0000000709e00000|  0%| F|  |TAMS 0x0000000709c00000| PB 0x0000000709c00000| Untracked 
|  70|0x0000000709e00000, 0x0000000709e00000, 0x000000070a000000|  0%| F|  |TAMS 0x0000000709e00000| PB 0x0000000709e00000| Untracked 
|  71|0x000000070a000000, 0x000000070a000000, 0x000000070a200000|  0%| F|  |TAMS 0x000000070a000000| PB 0x000000070a000000| Untracked 
|  72|0x000000070a200000, 0x000000070a200000, 0x000000070a400000|  0%| F|  |TAMS 0x000000070a200000| PB 0x000000070a200000| Untracked 
|  73|0x000000070a400000, 0x000000070a400000, 0x000000070a600000|  0%| F|  |TAMS 0x000000070a400000| PB 0x000000070a400000| Untracked 
|  74|0x000000070a600000, 0x000000070a600000, 0x000000070a800000|  0%| F|  |TAMS 0x000000070a600000| PB 0x000000070a600000| Untracked 
|  75|0x000000070a800000, 0x000000070a800000, 0x000000070aa00000|  0%| F|  |TAMS 0x000000070a800000| PB 0x000000070a800000| Untracked 
|  76|0x000000070aa00000, 0x000000070aa00000, 0x000000070ac00000|  0%| F|  |TAMS 0x000000070aa00000| PB 0x000000070aa00000| Untracked 
|  77|0x000000070ac00000, 0x000000070ac00000, 0x000000070ae00000|  0%| F|  |TAMS 0x000000070ac00000| PB 0x000000070ac00000| Untracked 
|  78|0x000000070ae00000, 0x000000070ae00000, 0x000000070b000000|  0%| F|  |TAMS 0x000000070ae00000| PB 0x000000070ae00000| Untracked 
|  79|0x000000070b000000, 0x000000070b000000, 0x000000070b200000|  0%| F|  |TAMS 0x000000070b000000| PB 0x000000070b000000| Untracked 
|  80|0x000000070b200000, 0x000000070b200000, 0x000000070b400000|  0%| F|  |TAMS 0x000000070b200000| PB 0x000000070b200000| Untracked 
|  81|0x000000070b400000, 0x000000070b400000, 0x000000070b600000|  0%| F|  |TAMS 0x000000070b400000| PB 0x000000070b400000| Untracked 
|  82|0x000000070b600000, 0x000000070b600000, 0x000000070b800000|  0%| F|  |TAMS 0x000000070b600000| PB 0x000000070b600000| Untracked 
|  83|0x000000070b800000, 0x000000070b800000, 0x000000070ba00000|  0%| F|  |TAMS 0x000000070b800000| PB 0x000000070b800000| Untracked 
|  84|0x000000070ba00000, 0x000000070ba00000, 0x000000070bc00000|  0%| F|  |TAMS 0x000000070ba00000| PB 0x000000070ba00000| Untracked 
|  85|0x000000070bc00000, 0x000000070bc00000, 0x000000070be00000|  0%| F|  |TAMS 0x000000070bc00000| PB 0x000000070bc00000| Untracked 
|  86|0x000000070be00000, 0x000000070be00000, 0x000000070c000000|  0%| F|  |TAMS 0x000000070be00000| PB 0x000000070be00000| Untracked 
|  87|0x000000070c000000, 0x000000070c000000, 0x000000070c200000|  0%| F|  |TAMS 0x000000070c000000| PB 0x000000070c000000| Untracked 
|  88|0x000000070c200000, 0x000000070c200000, 0x000000070c400000|  0%| F|  |TAMS 0x000000070c200000| PB 0x000000070c200000| Untracked 
|  89|0x000000070c400000, 0x000000070c400000, 0x000000070c600000|  0%| F|  |TAMS 0x000000070c400000| PB 0x000000070c400000| Untracked 
|  90|0x000000070c600000, 0x000000070c600000, 0x000000070c800000|  0%| F|  |TAMS 0x000000070c600000| PB 0x000000070c600000| Untracked 
|  91|0x000000070c800000, 0x000000070c800000, 0x000000070ca00000|  0%| F|  |TAMS 0x000000070c800000| PB 0x000000070c800000| Untracked 
|  92|0x000000070ca00000, 0x000000070ca00000, 0x000000070cc00000|  0%| F|  |TAMS 0x000000070ca00000| PB 0x000000070ca00000| Untracked 
|  93|0x000000070cc00000, 0x000000070cc00000, 0x000000070ce00000|  0%| F|  |TAMS 0x000000070cc00000| PB 0x000000070cc00000| Untracked 
|  94|0x000000070ce00000, 0x000000070ce00000, 0x000000070d000000|  0%| F|  |TAMS 0x000000070ce00000| PB 0x000000070ce00000| Untracked 
|  95|0x000000070d000000, 0x000000070d036b80, 0x000000070d200000| 10%| S|  |TAMS 0x000000070d000000| PB 0x000000070d000000| Complete 
|  96|0x000000070d200000, 0x000000070d400000, 0x000000070d400000|100%| S|  |TAMS 0x000000070d200000| PB 0x000000070d200000| Complete 
|  97|0x000000070d400000, 0x000000070d600000, 0x000000070d600000|100%| S|  |TAMS 0x000000070d400000| PB 0x000000070d400000| Complete 
|  98|0x000000070d600000, 0x000000070d800000, 0x000000070d800000|100%| S|  |TAMS 0x000000070d600000| PB 0x000000070d600000| Complete 
|  99|0x000000070d800000, 0x000000070d90c3e8, 0x000000070da00000| 52%| E|CS|TAMS 0x000000070d90c3e8| PB 0x000000070d800000| Complete 
| 100|0x000000070da00000, 0x000000070dc00000, 0x000000070dc00000|100%| E|CS|TAMS 0x000000070dc00000| PB 0x000000070da00000| Complete 
| 101|0x000000070dc00000, 0x000000070de00000, 0x000000070de00000|100%| E|CS|TAMS 0x000000070de00000| PB 0x000000070dc00000| Complete 
| 102|0x000000070de00000, 0x000000070e000000, 0x000000070e000000|100%| E|CS|TAMS 0x000000070e000000| PB 0x000000070de00000| Complete 
| 103|0x000000070e000000, 0x000000070e200000, 0x000000070e200000|100%| E|CS|TAMS 0x000000070e200000| PB 0x000000070e000000| Complete 
| 104|0x000000070e200000, 0x000000070e400000, 0x000000070e400000|100%| E|CS|TAMS 0x000000070e400000| PB 0x000000070e200000| Complete 
| 105|0x000000070e400000, 0x000000070e600000, 0x000000070e600000|100%| E|CS|TAMS 0x000000070e600000| PB 0x000000070e400000| Complete 
| 106|0x000000070e600000, 0x000000070e800000, 0x000000070e800000|100%| E|CS|TAMS 0x000000070e800000| PB 0x000000070e600000| Complete 
| 107|0x000000070e800000, 0x000000070ea00000, 0x000000070ea00000|100%| E|CS|TAMS 0x000000070ea00000| PB 0x000000070e800000| Complete 
| 108|0x000000070ea00000, 0x000000070ec00000, 0x000000070ec00000|100%| E|CS|TAMS 0x000000070ec00000| PB 0x000000070ea00000| Complete 
| 109|0x000000070ec00000, 0x000000070ee00000, 0x000000070ee00000|100%| E|CS|TAMS 0x000000070ee00000| PB 0x000000070ec00000| Complete 
| 110|0x000000070ee00000, 0x000000070f000000, 0x000000070f000000|100%| E|CS|TAMS 0x000000070f000000| PB 0x000000070ee00000| Complete 
| 111|0x000000070f000000, 0x000000070f200000, 0x000000070f200000|100%| E|CS|TAMS 0x000000070f200000| PB 0x000000070f000000| Complete 
| 112|0x000000070f200000, 0x000000070f400000, 0x000000070f400000|100%| E|CS|TAMS 0x000000070f400000| PB 0x000000070f200000| Complete 
| 113|0x000000070f400000, 0x000000070f600000, 0x000000070f600000|100%| E|CS|TAMS 0x000000070f600000| PB 0x000000070f400000| Complete 
| 114|0x000000070f600000, 0x000000070f7d8bc0, 0x000000070f800000| 92%| E|CS|TAMS 0x000000070f7d8bc0| PB 0x000000070f600000| Complete 
| 115|0x000000070f800000, 0x000000070fa00000, 0x000000070fa00000|100%| E|CS|TAMS 0x000000070fa00000| PB 0x000000070f800000| Complete 
| 116|0x000000070fa00000, 0x000000070fc00000, 0x000000070fc00000|100%| E|CS|TAMS 0x000000070fc00000| PB 0x000000070fa00000| Complete 
| 117|0x000000070fc00000, 0x000000070fe00000, 0x000000070fe00000|100%| E|CS|TAMS 0x000000070fe00000| PB 0x000000070fc00000| Complete 
| 118|0x000000070fe00000, 0x0000000710000000, 0x0000000710000000|100%| E|CS|TAMS 0x0000000710000000| PB 0x000000070fe00000| Complete 
| 119|0x0000000710000000, 0x0000000710200000, 0x0000000710200000|100%| E|CS|TAMS 0x0000000710200000| PB 0x0000000710000000| Complete 
| 120|0x0000000710200000, 0x0000000710400000, 0x0000000710400000|100%| E|CS|TAMS 0x0000000710400000| PB 0x0000000710200000| Complete 
| 121|0x0000000710400000, 0x0000000710600000, 0x0000000710600000|100%| E|CS|TAMS 0x0000000710600000| PB 0x0000000710400000| Complete 
| 122|0x0000000710600000, 0x0000000710800000, 0x0000000710800000|100%| E|CS|TAMS 0x0000000710800000| PB 0x0000000710600000| Complete 
| 123|0x0000000710800000, 0x0000000710a00000, 0x0000000710a00000|100%| E|CS|TAMS 0x0000000710a00000| PB 0x0000000710800000| Complete 
| 124|0x0000000710a00000, 0x0000000710c00000, 0x0000000710c00000|100%| E|CS|TAMS 0x0000000710c00000| PB 0x0000000710a00000| Complete 
| 125|0x0000000710c00000, 0x0000000710e00000, 0x0000000710e00000|100%| E|CS|TAMS 0x0000000710e00000| PB 0x0000000710c00000| Complete 
| 126|0x0000000710e00000, 0x0000000711000000, 0x0000000711000000|100%| E|CS|TAMS 0x0000000711000000| PB 0x0000000710e00000| Complete 
| 127|0x0000000711000000, 0x0000000711200000, 0x0000000711200000|100%| E|CS|TAMS 0x0000000711200000| PB 0x0000000711000000| Complete 

Card table byte_map: [0x000002496ed00000,0x000002496f500000] _byte_map_base: 0x000002496b4f7000

Marking Bits: (CMBitMap*) 0x00000249573aabf0
 Bits: [0x000002496fd00000, 0x0000024973cb8000)

Polling page: 0x00000249552e0000

Metaspace:

Usage:
  Non-class:     18.14 MB used.
      Class:      2.58 MB used.
       Both:     20.72 MB used.

Virtual space:
  Non-class space:       64.00 MB reserved,      18.25 MB ( 29%) committed,  1 nodes.
      Class space:        1.00 GB reserved,       2.75 MB ( <1%) committed,  1 nodes.
             Both:        1.06 GB reserved,      21.00 MB (  2%) committed. 

Chunk freelists:
   Non-Class:  960.00 KB
       Class:  1.30 MB
        Both:  2.23 MB

MaxMetaspaceSize: unlimited
CompressedClassSpaceSize: 1.00 GB
Initial GC threshold: 21.00 MB
Current GC threshold: 21.00 MB
CDS: on
MetaspaceReclaimPolicy: balanced
 - commit_granule_bytes: 65536.
 - commit_granule_words: 8192.
 - virtual_space_node_default_size: 8388608.
 - enlarge_chunks_in_place: 1.
 - new_chunks_are_fully_committed: 0.
 - uncommit_free_chunks: 1.
 - use_allocation_guard: 0.


Internal statistics:

num_allocs_failed_limit: 3.
num_arena_births: 298.
num_arena_deaths: 0.
num_vsnodes_births: 2.
num_vsnodes_deaths: 0.
num_space_committed: 336.
num_space_uncommitted: 0.
num_chunks_returned_to_freelist: 3.
num_chunks_taken_from_freelist: 1039.
num_chunk_merges: 3.
num_chunk_splits: 697.
num_chunks_enlarged: 505.
num_inconsistent_stats: 0.

CodeHeap 'non-profiled nmethods': size=120000Kb used=1147Kb max_used=1147Kb free=118852Kb
 bounds [0x0000024966ec0000, 0x0000024967130000, 0x000002496e3f0000]
CodeHeap 'profiled nmethods': size=120000Kb used=5886Kb max_used=5886Kb free=114113Kb
 bounds [0x000002495f3f0000, 0x000002495f9b0000, 0x0000024966920000]
CodeHeap 'non-nmethods': size=5760Kb used=1488Kb max_used=1568Kb free=4271Kb
 bounds [0x0000024966920000, 0x0000024966b90000, 0x0000024966ec0000]
 total_blobs=3405 nmethods=2890 adapters=425
 compilation: enabled
              stopped_count=0, restarted_count=0
 full_count=0

Compilation events (20 events):
Event: 2.042 Thread 0x00000249764ee660 2883       3       java.util.concurrent.CopyOnWriteArrayList::<init> (24 bytes)
Event: 2.042 Thread 0x00000249764ee660 nmethod 2883 0x000002495f9acc10 code [0x000002495f9acdc0, 0x000002495f9ad168]
Event: 2.042 Thread 0x00000249764ee660 2884       1       java.util.stream.MatchOps$BooleanTerminalSink::getAndClearState (5 bytes)
Event: 2.042 Thread 0x00000249764ee660 nmethod 2884 0x0000024966fde510 code [0x0000024966fde680, 0x0000024966fde750]
Event: 2.044 Thread 0x00000249764edce0 2885       4       java.lang.ref.Reference::refersToImpl (6 bytes)
Event: 2.045 Thread 0x00000249764edce0 nmethod 2885 0x0000024966fde810 code [0x0000024966fde980, 0x0000024966fdea18]
Event: 2.046 Thread 0x00000249764ee660 2886       3       org.springframework.beans.factory.support.DefaultListableBeanFactory::requiresEagerInitForType (26 bytes)
Event: 2.046 Thread 0x00000249764ee660 nmethod 2886 0x000002495f9ad290 code [0x000002495f9ad440, 0x000002495f9ad890]
Event: 2.051 Thread 0x00000249764ee660 2887       1       java.lang.reflect.Method::getGenericSignature (5 bytes)
Event: 2.051 Thread 0x00000249764ee660 nmethod 2887 0x0000024966fdeb10 code [0x0000024966fdec80, 0x0000024966fded50]
Event: 2.051 Thread 0x00000249764ee660 2888       3       sun.reflect.generics.parser.SignatureParser::parseZeroOrMoreFormalTypeParameters (19 bytes)
Event: 2.051 Thread 0x00000249764ee660 nmethod 2888 0x000002495f9ad990 code [0x000002495f9adb40, 0x000002495f9adda8]
Event: 2.051 Thread 0x00000249764ee660 2889       3       jdk.internal.misc.Unsafe::pickPos (14 bytes)
Event: 2.051 Thread 0x00000249764ee660 nmethod 2889 0x000002495f9ade90 code [0x000002495f9ae020, 0x000002495f9ae120]
Event: 2.053 Thread 0x00000249764ee660 2890       3       org.springframework.beans.factory.support.AbstractAutowireCapableBeanFactory::predictBeanType (128 bytes)
Event: 2.053 Thread 0x00000249764ee660 nmethod 2890 0x000002495f9ae190 code [0x000002495f9ae400, 0x000002495f9af1d8]
Event: 2.053 Thread 0x00000249764edce0 2894       4       java.util.ArrayList::iterator (9 bytes)
Event: 2.053 Thread 0x00000249764ee660 2892       3       org.springframework.beans.factory.support.AbstractBeanFactory::hasInstantiationAwareBeanPostProcessors (21 bytes)
Event: 2.053 Thread 0x00000249764ee660 nmethod 2892 0x000002495f9af590 code [0x000002495f9af740, 0x000002495f9afa20]
Event: 2.053 Thread 0x00000249764ee660 2893       3       org.springframework.beans.factory.support.AbstractAutowireCapableBeanFactory::determineTargetType (83 bytes)

GC Heap History (5 events):
Event: 0.633 GC heap before
{Heap before GC invocations=0 (full 0):
 garbage-first heap   total 262144K, used 18432K [0x0000000701200000, 0x0000000800000000)
  region size 2048K, 10 young (20480K), 0 survivors (0K)
 Metaspace       used 4784K, committed 4928K, reserved 1114112K
  class space    used 529K, committed 576K, reserved 1048576K
}
Event: 0.635 GC heap after
{Heap after GC invocations=1 (full 0):
 garbage-first heap   total 262144K, used 6280K [0x0000000701200000, 0x0000000800000000)
  region size 2048K, 2 young (4096K), 2 survivors (4096K)
 Metaspace       used 4784K, committed 4928K, reserved 1114112K
  class space    used 529K, committed 576K, reserved 1048576K
}
Event: 1.038 GC heap before
{Heap before GC invocations=1 (full 0):
 garbage-first heap   total 262144K, used 28808K [0x0000000701200000, 0x0000000800000000)
  region size 2048K, 13 young (26624K), 2 survivors (4096K)
 Metaspace       used 10668K, committed 10944K, reserved 1114112K
  class space    used 1319K, committed 1408K, reserved 1048576K
}
Event: 1.040 GC heap after
{Heap after GC invocations=2 (full 0):
 garbage-first heap   total 262144K, used 8331K [0x0000000701200000, 0x0000000800000000)
  region size 2048K, 1 young (2048K), 1 survivors (2048K)
 Metaspace       used 10668K, committed 10944K, reserved 1114112K
  class space    used 1319K, committed 1408K, reserved 1048576K
}
Event: 2.053 GC heap before
{Heap before GC invocations=2 (full 0):
 garbage-first heap   total 262144K, used 61579K [0x0000000701200000, 0x0000000800000000)
  region size 2048K, 29 young (59392K), 1 survivors (2048K)
 Metaspace       used 21219K, committed 21504K, reserved 1114112K
  class space    used 2639K, committed 2816K, reserved 1048576K
}

Dll operation events (12 events):
Event: 0.008 Loaded shared library C:\Program Files\Java\jdk-20\bin\java.dll
Event: 0.020 Loaded shared library C:\Program Files\Java\jdk-20\bin\jsvml.dll
Event: 0.215 Loaded shared library C:\Program Files\Java\jdk-20\bin\zip.dll
Event: 0.217 Loaded shared library C:\Program Files\Java\jdk-20\bin\instrument.dll
Event: 0.226 Loaded shared library C:\Program Files\Java\jdk-20\bin\net.dll
Event: 0.228 Loaded shared library C:\Program Files\Java\jdk-20\bin\nio.dll
Event: 0.232 Loaded shared library C:\Program Files\Java\jdk-20\bin\zip.dll
Event: 0.343 Loaded shared library C:\Program Files\JetBrains\IntelliJ IDEA Community Edition 2023.2\bin\breakgen64.dll
Event: 0.351 Loaded shared library C:\Program Files\Java\jdk-20\bin\extnet.dll
Event: 0.376 Loaded shared library C:\Program Files\Java\jdk-20\bin\jimage.dll
Event: 0.595 Loaded shared library C:\Program Files\Java\jdk-20\bin\management.dll
Event: 0.597 Loaded shared library C:\Program Files\Java\jdk-20\bin\management_ext.dll

Deoptimization events (20 events):
Event: 1.851 Thread 0x000002497b4230e0 DEOPT PACKING pc=0x0000024966fa5344 sp=0x00000093091fd8f0
Event: 1.851 Thread 0x000002497b4230e0 DEOPT UNPACKING pc=0x0000024966989d22 sp=0x00000093091fd5a8 mode 2
Event: 1.868 Thread 0x000002497b4230e0 DEOPT PACKING pc=0x000002495f43eb41 sp=0x00000093091fd7f0
Event: 1.868 Thread 0x000002497b4230e0 DEOPT UNPACKING pc=0x000002496698a4c2 sp=0x00000093091fccf0 mode 0
Event: 1.990 Thread 0x000002497b4230e0 Uncommon trap: trap_request=0xffffffde fr.pc=0x0000024966eca644 relative=0x00000000000001c4
Event: 1.990 Thread 0x000002497b4230e0 Uncommon trap: reason=class_check action=maybe_recompile pc=0x0000024966eca644 method=java.lang.String.equals(Ljava/lang/Object;)Z @ 8 c2
Event: 1.990 Thread 0x000002497b4230e0 DEOPT PACKING pc=0x0000024966eca644 sp=0x00000093091fe530
Event: 1.990 Thread 0x000002497b4230e0 DEOPT UNPACKING pc=0x0000024966989d22 sp=0x00000093091fe4b8 mode 2
Event: 1.990 Thread 0x000002497b4230e0 Uncommon trap: trap_request=0xffffffde fr.pc=0x0000024966eca644 relative=0x00000000000001c4
Event: 1.990 Thread 0x000002497b4230e0 Uncommon trap: reason=class_check action=maybe_recompile pc=0x0000024966eca644 method=java.lang.String.equals(Ljava/lang/Object;)Z @ 8 c2
Event: 1.990 Thread 0x000002497b4230e0 DEOPT PACKING pc=0x0000024966eca644 sp=0x00000093091fe530
Event: 1.990 Thread 0x000002497b4230e0 DEOPT UNPACKING pc=0x0000024966989d22 sp=0x00000093091fe4b8 mode 2
Event: 1.990 Thread 0x000002497b4230e0 Uncommon trap: trap_request=0xffffffde fr.pc=0x0000024966eca644 relative=0x00000000000001c4
Event: 1.990 Thread 0x000002497b4230e0 Uncommon trap: reason=class_check action=maybe_recompile pc=0x0000024966eca644 method=java.lang.String.equals(Ljava/lang/Object;)Z @ 8 c2
Event: 1.990 Thread 0x000002497b4230e0 DEOPT PACKING pc=0x0000024966eca644 sp=0x00000093091fe530
Event: 1.990 Thread 0x000002497b4230e0 DEOPT UNPACKING pc=0x0000024966989d22 sp=0x00000093091fe4b8 mode 2
Event: 1.991 Thread 0x000002497b4230e0 Uncommon trap: trap_request=0xffffffde fr.pc=0x0000024966eca644 relative=0x00000000000001c4
Event: 1.991 Thread 0x000002497b4230e0 Uncommon trap: reason=class_check action=maybe_recompile pc=0x0000024966eca644 method=java.lang.String.equals(Ljava/lang/Object;)Z @ 8 c2
Event: 1.991 Thread 0x000002497b4230e0 DEOPT PACKING pc=0x0000024966eca644 sp=0x00000093091fe200
Event: 1.991 Thread 0x000002497b4230e0 DEOPT UNPACKING pc=0x0000024966989d22 sp=0x00000093091fe188 mode 2

Classes loaded (20 events):
Event: 1.314 Loading class java/util/concurrent/atomic/AtomicReferenceArray
Event: 1.314 Loading class java/util/concurrent/atomic/AtomicReferenceArray done
Event: 1.314 Loading class java/lang/invoke/VarHandleReferences$Array
Event: 1.314 Loading class java/lang/invoke/VarHandleReferences$Array done
Event: 1.341 Loading class sun/text/resources/cldr/FormatData_en
Event: 1.341 Loading class sun/text/resources/cldr/FormatData_en done
Event: 1.341 Loading class sun/text/resources/cldr/FormatData_en_US
Event: 1.341 Loading class sun/text/resources/cldr/FormatData_en_US done
Event: 1.357 Loading class java/io/CharArrayReader
Event: 1.357 Loading class java/io/CharArrayReader done
Event: 1.427 Loading class javax/naming/ldap/LdapContext
Event: 1.427 Loading class javax/naming/directory/DirContext
Event: 1.427 Loading class javax/naming/directory/DirContext done
Event: 1.427 Loading class javax/naming/ldap/LdapContext done
Event: 1.530 Loading class java/util/regex/Pattern$Pos
Event: 1.530 Loading class java/util/regex/Pattern$Pos done
Event: 1.706 Loading class java/beans/PropertyVetoException
Event: 1.706 Loading class java/beans/PropertyVetoException done
Event: 1.765 Loading class java/nio/charset/CharacterCodingException
Event: 1.765 Loading class java/nio/charset/CharacterCodingException done

Classes unloaded (0 events):
No events

Classes redefined (0 events):
No events

Internal exceptions (20 events):
Event: 0.866 Thread 0x000002497b4230e0 Exception <a 'java/lang/NoSuchMethodError'{0x00000007107797c8}: 'int java.lang.invoke.DirectMethodHandle$Holder.invokeSpecialIFC(java.lang.Object, java.lang.Object, java.lang.Object, java.lang.Object)'> (0x00000007107797c8) 
thrown [s\open\src\hotspot\share\interpreter\linkResolver.cpp, line 773]
Event: 0.880 Thread 0x000002497b4230e0 Exception <a 'java/lang/NoSuchMethodError'{0x0000000710441050}: 'void java.lang.invoke.DirectMethodHandle$Holder.invokeInterface(java.lang.Object, java.lang.Object, java.lang.Object)'> (0x0000000710441050) 
thrown [s\open\src\hotspot\share\interpreter\linkResolver.cpp, line 773]
Event: 0.919 Thread 0x000002497b4230e0 Exception <a 'java/lang/NoSuchMethodError'{0x000000071059ddc8}: 'void java.lang.invoke.DirectMethodHandle$Holder.invokeStaticInit(java.lang.Object, java.lang.Object)'> (0x000000071059ddc8) 
thrown [s\open\src\hotspot\share\interpreter\linkResolver.cpp, line 773]
Event: 0.920 Thread 0x000002497b4230e0 Exception <a 'java/lang/NoSuchMethodError'{0x00000007105a9958}: 'void java.lang.invoke.DirectMethodHandle$Holder.invokeStaticInit(java.lang.Object, java.lang.Object, java.lang.Object)'> (0x00000007105a9958) 
thrown [s\open\src\hotspot\share\interpreter\linkResolver.cpp, line 773]
Event: 0.924 Thread 0x000002497b4230e0 Exception <a 'java/lang/NoSuchMethodError'{0x00000007105e5078}: 'java.lang.Object java.lang.invoke.DirectMethodHandle$Holder.invokeStatic(java.lang.Object, long, java.lang.Object)'> (0x00000007105e5078) 
thrown [s\open\src\hotspot\share\interpreter\linkResolver.cpp, line 773]
Event: 0.924 Thread 0x000002497b4230e0 Exception <a 'java/lang/NoSuchMethodError'{0x00000007105e86d0}: 'java.lang.Object java.lang.invoke.DirectMethodHandle$Holder.invokeStaticInit(java.lang.Object, long, java.lang.Object)'> (0x00000007105e86d0) 
thrown [s\open\src\hotspot\share\interpreter\linkResolver.cpp, line 773]
Event: 0.925 Thread 0x000002497b4230e0 Exception <a 'java/lang/NoSuchMethodError'{0x00000007105ee3f8}: 'java.lang.Object java.lang.invoke.DirectMethodHandle$Holder.newInvokeSpecial(java.lang.Object, long)'> (0x00000007105ee3f8) 
thrown [s\open\src\hotspot\share\interpreter\linkResolver.cpp, line 773]
Event: 0.935 Thread 0x000002497b4230e0 Exception <a 'java/lang/NoSuchMethodError'{0x00000007102355d0}: 'void java.lang.invoke.DirectMethodHandle$Holder.invokeVirtual(java.lang.Object, java.lang.Object, java.lang.Object, java.lang.Object)'> (0x00000007102355d0) 
thrown [s\open\src\hotspot\share\interpreter\linkResolver.cpp, line 773]
Event: 0.963 Thread 0x000002497b4230e0 Exception <a 'java/lang/NoSuchMethodError'{0x00000007103644b0}: 'void java.lang.invoke.DirectMethodHandle$Holder.invokeSpecial(java.lang.Object, java.lang.Object, java.lang.Object, java.lang.Object, java.lang.Object)'> (0x00000007103644b0) 
thrown [s\open\src\hotspot\share\interpreter\linkResolver.cpp, line 773]
Event: 0.969 Thread 0x000002497b4230e0 Exception <a 'java/lang/IncompatibleClassChangeError'{0x0000000710390670}: Found class java.lang.Object, but interface was expected> (0x0000000710390670) 
thrown [s\open\src\hotspot\share\interpreter\linkResolver.cpp, line 840]
Event: 1.052 Thread 0x000002497b4230e0 Exception <a 'java/lang/NoSuchMethodError'{0x00000007110ffd80}: 'int java.lang.invoke.Invokers$Holder.invokeExact_MT(java.lang.Object, java.lang.Object)'> (0x00000007110ffd80) 
thrown [s\open\src\hotspot\share\interpreter\linkResolver.cpp, line 773]
Event: 1.192 Thread 0x000002497b4230e0 Exception <a 'java/lang/NoSuchMethodError'{0x00000007107a9d58}: 'int java.lang.invoke.DirectMethodHandle$Holder.invokeSpecial(java.lang.Object, java.lang.Object, java.lang.Object, java.lang.Object, java.lang.Object)'> (0x00000007107a9d58) 
thrown [s\open\src\hotspot\share\interpreter\linkResolver.cpp, line 773]
Event: 1.196 Thread 0x000002497b4230e0 Exception <a 'java/lang/NoSuchMethodError'{0x00000007107b2950}: 'void java.lang.invoke.DirectMethodHandle$Holder.invokeVirtual(java.lang.Object, java.lang.Object)'> (0x00000007107b2950) 
thrown [s\open\src\hotspot\share\interpreter\linkResolver.cpp, line 773]
Event: 1.511 Thread 0x000002497b4230e0 Exception <a 'java/lang/IncompatibleClassChangeError'{0x000000070edfe370}: Found class java.lang.Object, but interface was expected> (0x000000070edfe370) 
thrown [s\open\src\hotspot\share\interpreter\linkResolver.cpp, line 840]
Event: 1.543 Thread 0x000002497b4e3b50 Exception <a 'java/lang/NoSuchMethodError'{0x000000070e8cbe30}: 'long java.lang.invoke.DirectMethodHandle$Holder.invokeSpecial(java.lang.Object, java.lang.Object)'> (0x000000070e8cbe30) 
thrown [s\open\src\hotspot\share\interpreter\linkResolver.cpp, line 773]
Event: 1.544 Thread 0x000002497b4e3b50 Exception <a 'java/lang/NoSuchMethodError'{0x000000070e8d6f20}: 'long java.lang.invoke.DirectMethodHandle$Holder.invokeStatic(java.lang.Object, java.lang.Object)'> (0x000000070e8d6f20) 
thrown [s\open\src\hotspot\share\interpreter\linkResolver.cpp, line 773]
Event: 1.544 Thread 0x000002497b4e3b50 Exception <a 'java/lang/NoSuchMethodError'{0x000000070e8da288}: 'long java.lang.invoke.DirectMethodHandle$Holder.invokeStaticInit(java.lang.Object, java.lang.Object)'> (0x000000070e8da288) 
thrown [s\open\src\hotspot\share\interpreter\linkResolver.cpp, line 773]
Event: 1.545 Thread 0x000002497b4e3b50 Exception <a 'java/lang/NoSuchMethodError'{0x000000070e8e8128}: 'long java.lang.invoke.DirectMethodHandle$Holder.invokeInterface(java.lang.Object, java.lang.Object)'> (0x000000070e8e8128) 
thrown [s\open\src\hotspot\share\interpreter\linkResolver.cpp, line 773]
Event: 1.545 Thread 0x000002497b4e3b50 Exception <a 'java/lang/IncompatibleClassChangeError'{0x000000070e8eb3d8}: Found class java.lang.Object, but interface was expected> (0x000000070e8eb3d8) 
thrown [s\open\src\hotspot\share\interpreter\linkResolver.cpp, line 840]
Event: 1.559 Thread 0x000002497b4e3b50 Exception <a 'java/lang/NoSuchMethodError'{0x000000070e9ca7b8}: 'java.lang.Object java.lang.invoke.DirectMethodHandle$Holder.invokeVirtual(java.lang.Object, java.lang.Object, java.lang.Object, java.lang.Object)'> (0x000000070e9ca7b8) 
thrown [s\open\src\hotspot\share\interpreter\linkResolver.cpp, line 773]

VM Operations (20 events):
Event: 0.958 Executing VM operation: HandshakeAllThreads done
Event: 0.961 Executing VM operation: HandshakeAllThreads
Event: 0.961 Executing VM operation: HandshakeAllThreads done
Event: 0.961 Executing VM operation: HandshakeAllThreads
Event: 0.961 Executing VM operation: HandshakeAllThreads done
Event: 1.038 Executing VM operation: G1CollectForAllocation
Event: 1.041 Executing VM operation: G1CollectForAllocation done
Event: 1.050 Executing VM operation: HandshakeAllThreads
Event: 1.050 Executing VM operation: HandshakeAllThreads done
Event: 1.131 Executing VM operation: HandshakeAllThreads
Event: 1.131 Executing VM operation: HandshakeAllThreads done
Event: 1.170 Executing VM operation: HandshakeAllThreads
Event: 1.170 Executing VM operation: HandshakeAllThreads done
Event: 1.332 Executing VM operation: ICBufferFull
Event: 1.333 Executing VM operation: ICBufferFull done
Event: 1.344 Executing VM operation: HandshakeAllThreads
Event: 1.344 Executing VM operation: HandshakeAllThreads done
Event: 1.864 Executing VM operation: ICBufferFull
Event: 1.864 Executing VM operation: ICBufferFull done
Event: 2.053 Executing VM operation: CollectForMetadataAllocation

Events (19 events):
Event: 0.020 Thread 0x00000249573382d0 Thread added: 0x00000249573382d0
Event: 0.040 Thread 0x00000249764e3750 Thread added: 0x00000249764e3750
Event: 0.040 Thread 0x00000249764e52a0 Thread added: 0x00000249764e52a0
Event: 0.041 Thread 0x00000249764e94a0 Thread added: 0x00000249764e94a0
Event: 0.041 Thread 0x00000249764e9de0 Thread added: 0x00000249764e9de0
Event: 0.041 Thread 0x00000249764ea720 Thread added: 0x00000249764ea720
Event: 0.041 Thread 0x00000249764eb060 Thread added: 0x00000249764eb060
Event: 0.041 Thread 0x00000249764edce0 Thread added: 0x00000249764edce0
Event: 0.041 Thread 0x00000249764ee660 Thread added: 0x00000249764ee660
Event: 0.167 Thread 0x000002497a8e2910 Thread added: 0x000002497a8e2910
Event: 0.344 Thread 0x000002497a9b6fd0 Thread added: 0x000002497a9b6fd0
Event: 0.344 Thread 0x000002497a9b7520 Thread added: 0x000002497a9b7520
Event: 0.428 Thread 0x000002497ae88470 Thread added: 0x000002497ae88470
Event: 0.643 Thread 0x000002497b3fe880 Thread added: 0x000002497b3fe880
Event: 0.645 Thread 0x000002497b4230e0 Thread added: 0x000002497b4230e0
Event: 0.966 Thread 0x000002497b4e3b50 Thread added: 0x000002497b4e3b50
Event: 1.378 Thread 0x000002497b4e40a0 Thread added: 0x000002497b4e40a0
Event: 1.480 Thread 0x000002497b4e40a0 Thread exited: 0x000002497b4e40a0
Event: 1.561 Thread 0x000002497b4e3b50 Thread exited: 0x000002497b4e3b50


Dynamic libraries:
0x00007ff7c8d80000 - 0x00007ff7c8d90000 	C:\Program Files\Java\jdk-20\bin\java.exe
0x00007ff843d90000 - 0x00007ff843f88000 	C:\WINDOWS\SYSTEM32\ntdll.dll
0x00007ff843560000 - 0x00007ff84361d000 	C:\WINDOWS\System32\KERNEL32.DLL
0x00007ff841710000 - 0x00007ff841a06000 	C:\WINDOWS\System32\KERNELBASE.dll
0x00007ff841cf0000 - 0x00007ff841df0000 	C:\WINDOWS\System32\ucrtbase.dll
0x00007ff835800000 - 0x00007ff835819000 	C:\Program Files\Java\jdk-20\bin\jli.dll
0x00007ff843ca0000 - 0x00007ff843d4e000 	C:\WINDOWS\System32\ADVAPI32.dll
0x00007ff843840000 - 0x00007ff8438de000 	C:\WINDOWS\System32\msvcrt.dll
0x00007ff842380000 - 0x00007ff84241c000 	C:\WINDOWS\System32\sechost.dll
0x00007ff8431c0000 - 0x00007ff8432e6000 	C:\WINDOWS\System32\RPCRT4.dll
0x00007ff8432f0000 - 0x00007ff84348e000 	C:\WINDOWS\System32\USER32.dll
0x00007ff841ae0000 - 0x00007ff841b02000 	C:\WINDOWS\System32\win32u.dll
0x00007ff8425d0000 - 0x00007ff8425fc000 	C:\WINDOWS\System32\GDI32.dll
0x00007ff841bd0000 - 0x00007ff841cea000 	C:\WINDOWS\System32\gdi32full.dll
0x00007ff841a40000 - 0x00007ff841add000 	C:\WINDOWS\System32\msvcp_win.dll
0x00007ff835720000 - 0x00007ff83573b000 	C:\Program Files\Java\jdk-20\bin\VCRUNTIME140.dll
0x00007ff840850000 - 0x00007ff840aea000 	C:\WINDOWS\WinSxS\amd64_microsoft.windows.common-controls_6595b64144ccf1df_6.0.19041.1110_none_60b5254171f9507e\COMCTL32.dll
0x00007ff838bc0000 - 0x00007ff838bca000 	C:\WINDOWS\SYSTEM32\VERSION.dll
0x00007ff843190000 - 0x00007ff8431c0000 	C:\WINDOWS\System32\IMM32.DLL
0x00007ff836250000 - 0x00007ff83625c000 	C:\Program Files\Java\jdk-20\bin\vcruntime140_1.dll
0x00007ff822350000 - 0x00007ff8223de000 	C:\Program Files\Java\jdk-20\bin\msvcp140.dll
0x00007fffef590000 - 0x00007ffff0227000 	C:\Program Files\Java\jdk-20\bin\server\jvm.dll
0x00007ff83eb20000 - 0x00007ff83eb29000 	C:\WINDOWS\SYSTEM32\WSOCK32.dll
0x00007ff842960000 - 0x00007ff8429cb000 	C:\WINDOWS\System32\WS2_32.dll
0x00007ff834ae0000 - 0x00007ff834b07000 	C:\WINDOWS\SYSTEM32\WINMM.dll
0x00007ff83e620000 - 0x00007ff83e632000 	C:\WINDOWS\SYSTEM32\kernel.appcore.dll
0x00007ff833920000 - 0x00007ff83392a000 	C:\Program Files\Java\jdk-20\bin\jimage.dll
0x00007ff840e80000 - 0x00007ff841064000 	C:\WINDOWS\SYSTEM32\DBGHELP.DLL
0x00007ff840c20000 - 0x00007ff840c54000 	C:\WINDOWS\SYSTEM32\dbgcore.DLL
0x00007ff841680000 - 0x00007ff841702000 	C:\WINDOWS\System32\bcryptPrimitives.dll
0x00007ff83ec30000 - 0x00007ff83ec3e000 	C:\Program Files\Java\jdk-20\bin\instrument.dll
0x00007ff82dc30000 - 0x00007ff82dc56000 	C:\Program Files\Java\jdk-20\bin\java.dll
0x00007ffffc270000 - 0x00007ffffc347000 	C:\Program Files\Java\jdk-20\bin\jsvml.dll
0x00007ff8429e0000 - 0x00007ff843125000 	C:\WINDOWS\System32\SHELL32.dll
0x00007ff83eeb0000 - 0x00007ff83f64b000 	C:\WINDOWS\SYSTEM32\windows.storage.dll
0x00007ff843940000 - 0x00007ff843c94000 	C:\WINDOWS\System32\combase.dll
0x00007ff8407b0000 - 0x00007ff8407de000 	C:\WINDOWS\SYSTEM32\Wldp.dll
0x00007ff842440000 - 0x00007ff8424ed000 	C:\WINDOWS\System32\SHCORE.dll
0x00007ff843130000 - 0x00007ff843185000 	C:\WINDOWS\System32\shlwapi.dll
0x00007ff8413a0000 - 0x00007ff8413c5000 	C:\WINDOWS\SYSTEM32\profapi.dll
0x00007ff824f60000 - 0x00007ff824f78000 	C:\Program Files\Java\jdk-20\bin\zip.dll
0x00007ff831020000 - 0x00007ff831033000 	C:\Program Files\Java\jdk-20\bin\net.dll
0x00007ff838e40000 - 0x00007ff838f4a000 	C:\WINDOWS\SYSTEM32\WINHTTP.dll
0x00007ff840680000 - 0x00007ff8406ea000 	C:\WINDOWS\system32\mswsock.dll
0x00007ff830120000 - 0x00007ff830136000 	C:\Program Files\Java\jdk-20\bin\nio.dll
0x00007ff83e820000 - 0x00007ff83e83a000 	C:\Program Files\JetBrains\IntelliJ IDEA Community Edition 2023.2\bin\breakgen64.dll
0x00007ff831100000 - 0x00007ff831107000 	C:\Program Files\Java\jdk-20\bin\extnet.dll
0x00007ff83e8c0000 - 0x00007ff83e8ca000 	C:\Program Files\Java\jdk-20\bin\management.dll
0x00007ff83e8b0000 - 0x00007ff83e8bb000 	C:\Program Files\Java\jdk-20\bin\management_ext.dll
0x00007ff8436f0000 - 0x00007ff8436f8000 	C:\WINDOWS\System32\PSAPI.DLL

dbghelp: loaded successfully - version: 4.0.5 - missing functions: none
symbol engine: initialized successfully - sym options: 0x614 - pdb path: .;C:\Program Files\Java\jdk-20\bin;C:\WINDOWS\SYSTEM32;C:\WINDOWS\WinSxS\amd64_microsoft.windows.common-controls_6595b64144ccf1df_6.0.19041.1110_none_60b5254171f9507e;C:\Program Files\Java\jdk-20\bin\server;C:\Program Files\JetBrains\IntelliJ IDEA Community Edition 2023.2\bin

VM Arguments:
jvm_args: -javaagent:C:\Program Files\JetBrains\IntelliJ IDEA Community Edition 2023.2\lib\idea_rt.jar=49629:C:\Program Files\JetBrains\IntelliJ IDEA Community Edition 2023.2\bin -Dfile.encoding=UTF-8 -Dsun.stdout.encoding=UTF-8 -Dsun.stderr.encoding=UTF-8 
java_command: med.voll.api.ApiApplication
java_class_path (initial): C:\Users\josee\Documents\Programacion\Spring Boot 3\api\target\classes;C:\Users\josee\.m2\repository\org\springframework\boot\spring-boot-starter-web\3.1.3\spring-boot-starter-web-3.1.3.jar;C:\Users\josee\.m2\repository\org\springframework\boot\spring-boot-starter\3.1.3\spring-boot-starter-3.1.3.jar;C:\Users\josee\.m2\repository\org\springframework\boot\spring-boot-starter-logging\3.1.3\spring-boot-starter-logging-3.1.3.jar;C:\Users\josee\.m2\repository\ch\qos\logback\logback-classic\1.4.11\logback-classic-1.4.11.jar;C:\Users\josee\.m2\repository\ch\qos\logback\logback-core\1.4.11\logback-core-1.4.11.jar;C:\Users\josee\.m2\repository\org\apache\logging\log4j\log4j-to-slf4j\2.20.0\log4j-to-slf4j-2.20.0.jar;C:\Users\josee\.m2\repository\org\apache\logging\log4j\log4j-api\2.20.0\log4j-api-2.20.0.jar;C:\Users\josee\.m2\repository\org\slf4j\jul-to-slf4j\2.0.7\jul-to-slf4j-2.0.7.jar;C:\Users\josee\.m2\repository\jakarta\annotation\jakarta.annotation-api\2.1.1\jakarta.annotation-api-2.1.1.jar;C:\Users\josee\.m2\repository\org\yaml\snakeyaml\1.33\snakeyaml-1.33.jar;C:\Users\josee\.m2\repository\org\springframework\boot\spring-boot-starter-json\3.1.3\spring-boot-starter-json-3.1.3.jar;C:\Users\josee\.m2\repository\com\fasterxml\jackson\datatype\jackson-datatype-jdk8\2.15.2\jackson-datatype-jdk8-2.15.2.jar;C:\Users\josee\.m2\repository\com\fasterxml\jackson\datatype\jackson-datatype-jsr310\2.15.2\jackson-datatype-jsr310-2.15.2.jar;C:\Users\josee\.m2\repository\com\fasterxml\jackson\module\jackson-module-parameter-names\2.15.2\jackson-module-parameter-names-2.15.2.jar;C:\Users\josee\.m2\repository\org\springframework\boot\spring-boot-starter-tomcat\3.1.3\spring-boot-starter-tomcat-3.1.3.jar;C:\Users\josee\.m2\repository\org\apache\tomcat\embed\tomcat-embed-core\10.1.12\tomcat-embed-core-10.1.12.jar;C:\Users\josee\.m2\repository\org\apache\tomcat\embed\tomcat-embed-websocket\10.1.12\tomcat-embed-websocket-10.1.12.jar;C:\Users\josee\.m2\repository\org\springframework\spring-web\6.0.11\spring-web-6.0.11.jar;C:\Users\josee\.m2\repository\org\springframework\spring-beans\6.0.11\spring-beans-6.0.11.jar;C:\Users\josee\.m2\repository\io\micrometer\micrometer-observation\1.11.3\micrometer-observation-1.11.3.jar;C:\Users\josee\.m2\repository\io\micrometer\micrometer-commons\1.11.3\micrometer-commons-1.11.3.jar;C:\Users\josee\.m2\repository\org\springframework\spring-webmvc\6.0.11\spring-webmvc-6.0.11.jar;C:\Users\josee\.m2\repository\org\springframework\spring-context\6.0.11\spring-context-6.0.11.jar;C:\Users\josee\.m2\repository\org\springframework\spring-expression\6.0.11\spring-expression-6.0.11.jar;C:\Users\josee\.m2\repository\org\springframework\boot\spring-boot-devtools\3.1.3\spring-boot-devtools-3.1.3.jar;C:\Users\josee\.m2\repository\org\springframework\boot\spring-boot\3.1.3\spring-boot-3.1.3.jar;C:\Users\josee\.m2\repository\org\springframework\boot\spring-boot-autoconfigure\3.1.3\spring-boot-autoconfigure-3.1.3.jar;C:\Users\josee\.m2\repository\org\projectlombok\lombok\1.18.28\lombok-1.18.28.jar;C:\Users\josee\.m2\repository\org\slf4j\slf4j-api\2.0.7\slf4j-api-2.0.7.jar;C:\Users\josee\.m2\repository\jakarta\xml\bind\jakarta.xml.bind-api\4.0.0\jakarta.xml.bind-api-4.0.0.jar;C:\Users\josee\.m2\repository\jakarta\activation\jakarta.activation-api\2.1.2\jakarta.activation-api-2.1.2.jar;C:\Users\josee\.m2\repository\net\bytebuddy\byte-buddy\1.14.6\byte-buddy-1.14.6.jar;C:\Users\josee\.m2\repository\org\springframework\spring-core\6.0.11\spring-core-6.0.11.jar;C:\Users\josee\.m2\repository\org\springframework\spring-jcl\6.0.11\spring-jcl-6.0.11.jar;C:\Users\josee\.m2\repository\org\springframework\boot\spring-boot-starter-data-jpa\3.1.3\spring-boot-starter-data-jpa-3.1.3.jar;C:\Users\josee\.m2\repository\org\springframework\boot\spring-boot-starter-aop\3.1.3\spring-boot-starter-aop-3.1.3.jar;C:\Users\josee\.m2\repository\org\aspectj\aspectjweaver\1.9.20\aspectjweaver-1.9.20.jar;C:\Users\josee\.m2\repository\org\springframework\boot\spring-boot-starter-jdbc\3.1.3\spring-boot-starter-jdbc-3.1.3.jar;C:\Users\josee\.m2\repository\com\zaxxer\HikariCP\5.0.1\HikariCP-5.0.1.jar;C:\Users\josee\.m2\repository\org\springframework\spring-jdbc\6.0.11\spring-jdbc-6.0.11.jar;C:\Users\josee\.m2\repository\org\hibernate\orm\hibernate-core\6.2.7.Final\hibernate-core-6.2.7.Final.jar;C:\Users\josee\.m2\repository\jakarta\persistence\jakarta.persistence-api\3.1.0\jakarta.persistence-api-3.1.0.jar;C:\Users\josee\.m2\repository\jakarta\transaction\jakarta.transaction-api\2.0.1\jakarta.transaction-api-2.0.1.jar;C:\Users\josee\.m2\repository\org\jboss\logging\jboss-logging\3.5.3.Final\jboss-logging-3.5.3.Final.jar;C:\Users\josee\.m2\repository\org\hibernate\common\hibernate-commons-annotations\6.0.6.Final\hibernate-commons-annotations-6.0.6.Final.jar;C:\Users\josee\.m2\repository\io\smallrye\jandex\3.0.5\jandex-3.0.5.jar;C:\Users\josee\.m2\repository\com\fasterxml\classmate\1.5.1\classmate-1.5.1.jar;C:\Users\josee\.m2\repository\org\glassfish\jaxb\jaxb-runtime\4.0.3\jaxb-runtime-4.0.3.jar;C:\Users\josee\.m2\repository\org\glassfish\jaxb\jaxb-core\4.0.3\jaxb-core-4.0.3.jar;C:\Users\josee\.m2\repository\org\eclipse\angus\angus-activation\2.0.1\angus-activation-2.0.1.jar;C:\Users\josee\.m2\repository\org\glassfish\jaxb\txw2\4.0.3\txw2-4.0.3.jar;C:\Users\josee\.m2\repository\com\sun\istack\istack-commons-runtime\4.1.2\istack-commons-runtime-4.1.2.jar;C:\Users\josee\.m2\repository\jakarta\inject\jakarta.inject-api\2.0.1\jakarta.inject-api-2.0.1.jar;C:\Users\josee\.m2\repository\org\antlr\antlr4-runtime\4.10.1\antlr4-runtime-4.10.1.jar;C:\Users\josee\.m2\repository\org\springframework\data\spring-data-jpa\3.1.3\spring-data-jpa-3.1.3.jar;C:\Users\josee\.m2\repository\org\springframework\data\spring-data-commons\3.1.3\spring-data-commons-3.1.3.jar;C:\Users\josee\.m2\repository\org\springframework\spring-orm\6.0.11\spring-orm-6.0.11.jar;C:\Users\josee\.m2\repository\org\springframework\spring-tx\6.0.11\spring-tx-6.0.11.jar;C:\Users\josee\.m2\repository\org\springframework\spring-aspects\6.0.11\spring-aspects-6.0.11.jar;C:\Users\josee\.m2\repository\org\flywaydb\flyway-core\9.16.3\flyway-core-9.16.3.jar;C:\Users\josee\.m2\repository\com\fasterxml\jackson\dataformat\jackson-dataformat-toml\2.15.2\jackson-dataformat-toml-2.15.2.jar;C:\Users\josee\.m2\repository\com\fasterxml\jackson\core\jackson-core\2.15.2\jackson-core-2.15.2.jar;C:\Users\josee\.m2\repository\org\apache\commons\commons-text\1.10.0\commons-text-1.10.0.jar;C:\Users\josee\.m2\repository\org\apache\commons\commons-lang3\3.12.0\commons-lang3-3.12.0.jar;C:\Users\josee\.m2\repository\org\flywaydb\flyway-mysql\9.16.3\flyway-mysql-9.16.3.jar;C:\Users\josee\.m2\repository\com\mysql\mysql-connector-j\8.0.33\mysql-connector-j-8.0.33.jar;C:\Users\josee\.m2\repository\org\springframework\boot\spring-boot-starter-validation\3.1.3\spring-boot-starter-validation-3.1.3.jar;C:\Users\josee\.m2\repository\org\apache\tomcat\embed\tomcat-embed-el\10.1.12\tomcat-embed-el-10.1.12.jar;C:\Users\josee\.m2\repository\org\hibernate\validator\hibernate-validator\8.0.1.Final\hibernate-validator-8.0.1.Final.jar;C:\Users\josee\.m2\repository\jakarta\validation\jakarta.validation-api\3.0.2\jakarta.validation-api-3.0.2.jar;C:\Users\josee\.m2\repository\org\springframework\boot\spring-boot-starter-security\3.1.3\spring-boot-starter-security-3.1.3.jar;C:\Users\josee\.m2\repository\org\springframework\spring-aop\6.0.11\spring-aop-6.0.11.jar;C:\Users\josee\.m2\repository\org\springframework\security\spring-security-config\6.1.3\spring-security-config-6.1.3.jar;C:\Users\josee\.m2\repository\org\springframework\security\spring-security-core\6.1.3\spring-security-core-6.1.3.jar;C:\Users\josee\.m2\repository\org\springframework\security\spring-security-crypto\6.1.3\spring-security-crypto-6.1.3.jar;C:\Users\josee\.m2\repository\org\springframework\security\spring-security-web\6.1.3\spring-security-web-6.1.3.jar;C:\Users\josee\.m2\repository\com\auth0\java-jwt\4.4.0\java-jwt-4.4.0.jar;C:\Users\josee\.m2\repository\com\fasterxml\jackson\core\jackson-databind\2.15.2\jackson-databind-2.15.2.jar;C:\Users\josee\.m2\repository\com\fasterxml\jackson\core\jackson-annotations\2.15.2\jackson-annotations-2.15.2.jar
Launcher Type: SUN_STANDARD

[Global flags]
     intx CICompilerCount                          = 3                                         {product} {ergonomic}
     uint ConcGCThreads                            = 2                                         {product} {ergonomic}
     uint G1ConcRefinementThreads                  = 6                                         {product} {ergonomic}
   size_t G1HeapRegionSize                         = 2097152                                   {product} {ergonomic}
    uintx GCDrainStackTargetSize                   = 64                                        {product} {ergonomic}
   size_t InitialHeapSize                          = 268435456                                 {product} {ergonomic}
   size_t MarkStackSize                            = 4194304                                   {product} {ergonomic}
   size_t MaxHeapSize                              = 4276092928                                {product} {ergonomic}
   size_t MaxNewSize                               = 2564816896                                {product} {ergonomic}
   size_t MinHeapDeltaBytes                        = 2097152                                   {product} {ergonomic}
   size_t MinHeapSize                              = 8388608                                   {product} {ergonomic}
    uintx NonNMethodCodeHeapSize                   = 5832780                                {pd product} {ergonomic}
    uintx NonProfiledCodeHeapSize                  = 122912730                              {pd product} {ergonomic}
    uintx ProfiledCodeHeapSize                     = 122912730                              {pd product} {ergonomic}
    uintx ReservedCodeCacheSize                    = 251658240                              {pd product} {ergonomic}
     bool SegmentedCodeCache                       = true                                      {product} {ergonomic}
   size_t SoftMaxHeapSize                          = 4276092928                             {manageable} {ergonomic}
     bool UseCompressedClassPointers               = true                           {product lp64_product} {ergonomic}
     bool UseCompressedOops                        = true                           {product lp64_product} {ergonomic}
     bool UseG1GC                                  = true                                      {product} {ergonomic}
     bool UseLargePagesIndividualAllocation        = false                                  {pd product} {ergonomic}

Logging:
Log output configuration:
 #0: stdout all=warning uptime,level,tags foldmultilines=false
 #1: stderr all=off uptime,level,tags foldmultilines=false

Environment Variables:
JAVA_HOME=C:\Program Files\Java\jdk-20\bin
PATH=C:\Program Files\Common Files\Oracle\Java\javapath;C:\Program Files (x86)\Common Files\Oracle\Java\javapath;C:\WINDOWS\system32;C:\WINDOWS;C:\WINDOWS\System32\Wbem;C:\WINDOWS\System32\WindowsPowerShell\v1.0\;C:\WINDOWS\System32\OpenSSH\;C:\Program Files\NVIDIA Corporation\NVIDIA NvDLISR;C:\Program Files (x86)\NVIDIA Corporation\PhysX\Common;C:\Program Files\Git\cmd;C:\Program Files\Java\jdk-20\bin;C:\Program Files\MySQL\MySQL Shell 8.0\bin\;C:\Users\josee\AppData\Local\Microsoft\WindowsApps;;C:\Users\josee\AppData\Local\Programs\Microsoft VS Code\bin
USERNAME=josee
OS=Windows_NT
PROCESSOR_IDENTIFIER=Intel64 Family 6 Model 158 Stepping 10, GenuineIntel
TMP=C:\Users\josee\AppData\Local\Temp
TEMP=C:\Users\josee\AppData\Local\Temp




---------------  S Y S T E M  ---------------

OS:
 Windows 10 , 64 bit Build 19041 (10.0.19041.3393)
OS uptime: 1 days 0:55 hours

CPU: total 6 (initial active 6) (6 cores per cpu, 1 threads per core) family 6 model 158 stepping 10 microcode 0xb4, cx8, cmov, fxsr, mmx, 3dnowpref, sse, sse2, sse3, ssse3, sse4.1, sse4.2, popcnt, lzcnt, tsc, tscinvbit, avx, avx2, aes, erms, clmul, bmi1, bmi2, adx, fma, vzeroupper, clflush, clflushopt, rdtscp, f16c

Memory: 4k page, system-wide physical 16308M (7611M free)
TotalPageFile size 23220M (AvailPageFile size 9191M)
current process WorkingSet (physical memory assigned to process): 167M, peak: 167M
current process commit charge ("private bytes"): 396M, peak: 398M

vm_info: Java HotSpot(TM) 64-Bit Server VM (20.0.1+9-29) for windows-amd64 JRE (20.0.1+9-29), built on 2023-03-07T13:56:11Z by "mach5one" with MS VC++ 17.1 (VS2022)

END.
